0 info it worked if it ends with ok
1 verbose cli [ 'C:\\Program Files\\nodejs\\\\node.exe',
1 verbose cli   'C:\\Program Files\\nodejs\\node_modules\\npm\\bin\\npm-cli.js',
1 verbose cli   'completion' ]
2 info using npm@1.3.11
3 info using node@v0.10.21
4 verbose node symlink C:\Program Files\nodejs\\node.exe
5 error Error: npm completion not supported on windows
5 error     at EventEmitter.completion (C:\Program Files\nodejs\node_modules\npm\lib\completion.js:52:13)
5 error     at Object.commandCache.(anonymous function) (C:\Program Files\nodejs\node_modules\npm\lib\npm.js:194:11)
5 error     at EventEmitter.<anonymous> (C:\Program Files\nodejs\node_modules\npm\bin\npm-cli.js:83:28)
5 error     at process._tickCallback (node.js:415:13)
6 error If you need help, you may report this log at:
6 error     <http://github.com/isaacs/npm/issues>
6 error or email it to:
6 error     <npm-@googlegroups.com>
7 error System Windows_NT 6.2.9200
8 error command "C:\\Program Files\\nodejs\\\\node.exe" "C:\\Program Files\\nodejs\\node_modules\\npm\\bin\\npm-cli.js" "completion"
9 error cwd C:\Users\Yoshua\Documents\GitHub\generator-piglet
10 error node -v v0.10.21
11 error npm -v 1.3.11
12 error code ENOTSUP
13 error errno 129
14 verbose exit [ 129, true ]
